<testng-results>
  <reporter-output>
  </reporter-output>
  <suite name="Yahoo" duration-ms="154" started-at="2016-11-13T06:58:15Z" finished-at="2016-11-13T06:58:15Z">
    <groups>
    </groups>
    <test name="register yahoo" duration-ms="6" started-at="2016-11-13T06:58:15Z" finished-at="2016-11-13T06:58:15Z">
      <class name="test.NewTest">
        <test-method status="PASS" signature="beforeSuite()" name="beforeSuite" is-config="true" duration-ms="6" started-at="2016-11-13T06:58:15Z" finished-at="2016-11-13T06:58:15Z">
        </test-method>
        <test-method status="PASS" signature="AfterSuite()" name="AfterSuite" is-config="true" duration-ms="0" started-at="2016-11-13T06:58:15Z" finished-at="2016-11-13T06:58:15Z">
        </test-method>
      </class>
      <class name="test.registeryahoo">
        <test-method status="FAIL" signature="checkAssertions()" name="checkAssertions" duration-ms="2" started-at="2016-11-13T06:58:15Z" finished-at="2016-11-13T06:58:15Z">
          <exception class="java.lang.AssertionError">
            <message>
              <![CDATA[expected:<noGood> but was:<Good>]]>
            </message>
            <full-stacktrace>
              <![CDATA[java.lang.AssertionError: expected:<noGood> but was:<Good>
	at org.testng.Assert.fail(Assert.java:89)
	at org.testng.Assert.failNotEquals(Assert.java:480)
	at org.testng.Assert.assertEquals(Assert.java:118)
	at org.testng.Assert.assertEquals(Assert.java:171)
	at org.testng.Assert.assertEquals(Assert.java:181)
	at test.registeryahoo.checkAssertions(registeryahoo.java:17)
	at sun.reflect.NativeMethodAccessorImpl.invoke0(Native Method)
	at sun.reflect.NativeMethodAccessorImpl.invoke(NativeMethodAccessorImpl.java:62)
	at sun.reflect.DelegatingMethodAccessorImpl.invoke(DelegatingMethodAccessorImpl.java:43)
	at java.lang.reflect.Method.invoke(Method.java:498)
	at org.testng.internal.MethodInvocationHelper.invokeMethod(MethodInvocationHelper.java:74)
	at org.testng.internal.Invoker.invokeMethod(Invoker.java:673)
	at org.testng.internal.Invoker.invokeTestMethod(Invoker.java:846)
	at org.testng.internal.Invoker.invokeTestMethods(Invoker.java:1170)
	at org.testng.internal.TestMethodWorker.invokeTestMethods(TestMethodWorker.java:125)
	at org.testng.internal.TestMethodWorker.run(TestMethodWorker.java:109)
	at org.testng.TestRunner.runWorkers(TestRunner.java:1125)
	at org.testng.TestRunner.privateRun(TestRunner.java:749)
	at org.testng.TestRunner.run(TestRunner.java:600)
	at org.testng.SuiteRunner.runTest(SuiteRunner.java:317)
	at org.testng.SuiteRunner.runSequentially(SuiteRunner.java:312)
	at org.testng.SuiteRunner.privateRun(SuiteRunner.java:274)
	at org.testng.SuiteRunner.run(SuiteRunner.java:223)
	at org.testng.SuiteRunnerWorker.runSuite(SuiteRunnerWorker.java:52)
	at org.testng.SuiteRunnerWorker.run(SuiteRunnerWorker.java:86)
	at org.testng.TestNG.runSuitesSequentially(TestNG.java:965)
	at org.testng.TestNG.runSuitesLocally(TestNG.java:890)
	at org.testng.TestNG.run(TestNG.java:824)
	at org.testng.TestNG.privateMain(TestNG.java:1128)
	at org.testng.TestNG.main(TestNG.java:1092)
]]>
            </full-stacktrace>
          </exception>
        </test-method>
        <test-method status="PASS" signature="checkTrueAssertions()" name="checkTrueAssertions" duration-ms="1" started-at="2016-11-13T06:58:15Z" finished-at="2016-11-13T06:58:15Z">
        </test-method>
        <test-method status="PASS" signature="checkfalseAssertions()" name="checkfalseAssertions" duration-ms="1" started-at="2016-11-13T06:58:15Z" finished-at="2016-11-13T06:58:15Z">
        </test-method>
        <test-method status="PASS" signature="register(java.lang.String, java.lang.String, java.lang.String, java.lang.String)" name="register" duration-ms="0" started-at="2016-11-13T06:58:15Z" finished-at="2016-11-13T06:58:15Z">
          <params>
            <param index="0">
              <value>
                <![CDATA[user1]]>
              </value>
            </param>
            <param index="1">
              <value>
                <![CDATA[email1]]>
              </value>
            </param>
            <param index="2">
              <value>
                <![CDATA[pasword1]]>
              </value>
            </param>
            <param index="3">
              <value>
                <![CDATA[city1]]>
              </value>
            </param>
          </params>
        </test-method>
        <test-method status="PASS" signature="register(java.lang.String, java.lang.String, java.lang.String, java.lang.String)" name="register" duration-ms="0" started-at="2016-11-13T06:58:15Z" finished-at="2016-11-13T06:58:15Z">
          <params>
            <param index="0">
              <value>
                <![CDATA[user3]]>
              </value>
            </param>
            <param index="1">
              <value>
                <![CDATA[email3]]>
              </value>
            </param>
            <param index="2">
              <value>
                <![CDATA[pasword3]]>
              </value>
            </param>
            <param index="3">
              <value>
                <![CDATA[city3]]>
              </value>
            </param>
          </params>
        </test-method>
        <test-method status="PASS" signature="register(java.lang.String, java.lang.String, java.lang.String, java.lang.String)" name="register" duration-ms="0" started-at="2016-11-13T06:58:15Z" finished-at="2016-11-13T06:58:15Z">
          <params>
            <param index="0">
              <value>
                <![CDATA[user2]]>
              </value>
            </param>
            <param index="1">
              <value>
                <![CDATA[email12]]>
              </value>
            </param>
            <param index="2">
              <value>
                <![CDATA[pasword2]]>
              </value>
            </param>
            <param index="3">
              <value>
                <![CDATA[city2]]>
              </value>
            </param>
          </params>
        </test-method>
      </class>
    </test>
    <test name="Yahoo Test" duration-ms="2" started-at="2016-11-13T06:58:15Z" finished-at="2016-11-13T06:58:15Z">
      <class name="test.Yahootest">
        <test-method status="PASS" signature="beforeTest()" name="beforeTest" is-config="true" duration-ms="0" started-at="2016-11-13T06:58:15Z" finished-at="2016-11-13T06:58:15Z">
        </test-method>
        <test-method status="PASS" signature="AfterTest()" name="AfterTest" is-config="true" duration-ms="1" started-at="2016-11-13T06:58:15Z" finished-at="2016-11-13T06:58:15Z">
        </test-method>
        <test-method status="PASS" signature="beforeMethod()" name="beforeMethod" is-config="true" duration-ms="0" started-at="2016-11-13T06:58:15Z" finished-at="2016-11-13T06:58:15Z">
        </test-method>
        <test-method status="PASS" signature="AfteTest()" name="AfteTest" is-config="true" duration-ms="0" started-at="2016-11-13T06:58:15Z" finished-at="2016-11-13T06:58:15Z">
        </test-method>
        <test-method status="PASS" signature="yahootest()" name="yahootest" duration-ms="0" started-at="2016-11-13T06:58:15Z" finished-at="2016-11-13T06:58:15Z">
        </test-method>
      </class>
    </test>
    <test name="Simple New Test" duration-ms="5" started-at="2016-11-13T06:58:15Z" finished-at="2016-11-13T06:58:15Z">
      <class name="test.NewTest">
        <test-method status="PASS" signature="beforeTest()" name="beforeTest" is-config="true" duration-ms="0" started-at="2016-11-13T06:58:15Z" finished-at="2016-11-13T06:58:15Z">
        </test-method>
        <test-method status="PASS" signature="ReceivingEmail()" name="ReceivingEmail" duration-ms="0" started-at="2016-11-13T06:58:15Z" finished-at="2016-11-13T06:58:15Z">
        </test-method>
        <test-method status="PASS" signature="beforeMethod()" name="beforeMethod" is-config="true" duration-ms="0" started-at="2016-11-13T06:58:15Z" finished-at="2016-11-13T06:58:15Z">
        </test-method>
        <test-method status="PASS" signature="SendingEmail()" name="SendingEmail" duration-ms="0" started-at="2016-11-13T06:58:15Z" finished-at="2016-11-13T06:58:15Z">
        </test-method>
        <test-method status="PASS" signature="beforeMethod()" name="beforeMethod" is-config="true" duration-ms="0" started-at="2016-11-13T06:58:15Z" finished-at="2016-11-13T06:58:15Z">
        </test-method>
        <test-method status="PASS" signature="AfterMethod()" name="AfterMethod" is-config="true" duration-ms="0" started-at="2016-11-13T06:58:15Z" finished-at="2016-11-13T06:58:15Z">
        </test-method>
        <test-method status="PASS" signature="AfterTest()" name="AfterTest" is-config="true" duration-ms="1" started-at="2016-11-13T06:58:15Z" finished-at="2016-11-13T06:58:15Z">
        </test-method>
        <test-method status="PASS" signature="AfterMethod()" name="AfterMethod" is-config="true" duration-ms="0" started-at="2016-11-13T06:58:15Z" finished-at="2016-11-13T06:58:15Z">
        </test-method>
      </class>
    </test>
  </suite>
</testng-results>
